2015-11-17 07:00:48 : payubiz Data: Array
(
    [mihpayid] => 403993715513783790
    [mode] => CC
    [status] => success
    [unmappedstatus] => captured
    [key] => gtKFFx
    [txnid] => 676767766
    [amount] => 55.00
    [cardCategory] => domestic
    [discount] => 0.00
    [net_amount_debit] => 55
    [addedon] => 2015-11-17 17:30:12
    [productinfo] => PayU purchase  Cart Item ID  676767766
    [firstname] => Anjali
    [lastname] => sharma
    [address1] => 
    [address2] => 
    [city] => 
    [state] => 
    [country] => 
    [zipcode] => 00000
    [email] => demo@demo.com
    [phone] => 889898
    [udf1] => 
    [udf2] => 
    [udf3] => 
    [udf4] => 
    [udf5] => 
    [udf6] => 
    [udf7] => 
    [udf8] => 
    [udf9] => 
    [udf10] => 
    [hash] => d1ca1474e598d7e3bc53e8c3c31a1547ec77ec3183f65a75bcc3dad6c8d4dc948fc7d8bd661cc9d4d66390fa2b1a6cc186bf6a13bba4ef89d008ed3b0b588494
    [field1] => 532150705179
    [field2] => 999999
    [field3] => 8729773301753210
    [field4] => 8729773301753210
    [field5] => 
    [field6] => 
    [field7] => 
    [field8] => 
    [field9] => SUCCESS
    [payment_source] => payu
    [PG_TYPE] => HDFCPG
    [bank_ref_num] => 8729773301753210
    [bankcode] => CC
    [error] => E000
    [error_Message] => No Error
    [name_on_card] => yyy
    [cardnum] => 411111XXXXXX1111
    [cardhash] => This field is no longer supported in postback params.
    [issuing_bank] => UNKNOWN
    [card_type] => VISA
)

2015-11-17 07:16:20 : payubiz Data: Array
(
    [mihpayid] => 403993715513783894
    [mode] => CC
    [status] => failure
    [unmappedstatus] => failed
    [key] => gtKFFx
    [txnid] => 676767767
    [amount] => 55.00
    [cardCategory] => domestic
    [discount] => 0.00
    [net_amount_debit] => 0.00
    [addedon] => 2015-11-17 17:45:39
    [productinfo] => PayU purchase  Cart Item ID  676767767
    [firstname] => Anjali
    [lastname] => sharma
    [address1] => 
    [address2] => 
    [city] => 
    [state] => 
    [country] => 
    [zipcode] => 00000
    [email] => demo@demo.com
    [phone] => 889898
    [udf1] => 
    [udf2] => 
    [udf3] => 
    [udf4] => 
    [udf5] => 
    [udf6] => 
    [udf7] => 
    [udf8] => 
    [udf9] => 
    [udf10] => 
    [hash] => bfcb06f0fbbc37b4a44d2302c0a3292b4f91661be2d2b4ea2cd0a062bee025c44beedbac4abf1734dc6e3dd4553c0c6c5ca6190811672824b3cb248775186fe2
    [field1] => 
    [field2] => 
    [field3] => 4774615451753210
    [field4] => 
    [field5] => 
    [field6] => Enrolled
    [field7] => 
    [field8] => 
    [field9] => User interrupted by pressing back button
    [payment_source] => payu
    [PG_TYPE] => HDFCPG
    [bank_ref_num] => 
    [bankcode] => CC
    [error] => E1206
    [error_Message] => Transaction interrupted by pressing back button
    [name_on_card] => yyy
    [cardnum] => 411111XXXXXX1111
    [cardhash] => This field is no longer supported in postback params.
    [issuing_bank] => UNKNOWN
    [card_type] => VISA
)

2015-11-17 07:18:56 : payubiz Data: Array
(
    [id] => Njc2NzY3NzY4
    [mihpayid] => 403993715513783919
    [mode] => NULL
    [status] => failure
    [unmappedstatus] => userCancelled
    [key] => gtKFFx
    [txnid] => 676767768
    [amount] => 55.00
    [discount] => 0.00
    [net_amount_debit] => 0.00
    [addedon] => 2015-11-17 17:48:38
    [productinfo] => PayU purchase  Cart Item ID  676767768
    [firstname] => Anjali
    [lastname] => sharma
    [address1] => 
    [address2] => 
    [city] => 
    [state] => 
    [country] => 
    [zipcode] => 00000
    [email] => demo@demo.com
    [phone] => 889898
    [udf1] => 
    [udf2] => 
    [udf3] => 
    [udf4] => 
    [udf5] => 
    [udf6] => 
    [udf7] => 
    [udf8] => 
    [udf9] => 
    [udf10] => 
    [hash] => 9fd58fbcbe081eb571bab4f7f84bb9da42011c7544ad8f82bedd11ce1f3fc74ff5a280dae776cb64fb063676f30c737efaad1c46edd8ccec936b3adcea76903f
    [field1] => 
    [field2] => 
    [field3] => 
    [field4] => 
    [field5] => 
    [field6] => 
    [field7] => 
    [field8] => 
    [field9] => Cancelled by user
    [payment_source] => payu
    [PG_TYPE] => 
    [bank_ref_num] => 
    [bankcode] => NULL
    [error] => 
    [error_Message] => 
)

2015-11-17 07:30:45 : payubiz Data: Array
(
    [mihpayid] => 403993715513783987
    [mode] => CC
    [status] => success
    [unmappedstatus] => captured
    [key] => gtKFFx
    [txnid] => 676767770
    [amount] => 55.00
    [cardCategory] => domestic
    [discount] => 0.00
    [net_amount_debit] => 55
    [addedon] => 2015-11-17 17:59:54
    [productinfo] => PayU purchase  Cart Item ID  676767770
    [firstname] => Anjali
    [lastname] => sharma
    [address1] => 
    [address2] => 
    [city] => 
    [state] => 
    [country] => 
    [zipcode] => 00000
    [email] => demo@demo.com
    [phone] => 889898
    [udf1] => 
    [udf2] => 
    [udf3] => 
    [udf4] => 
    [udf5] => 
    [udf6] => 
    [udf7] => 
    [udf8] => 
    [udf9] => 
    [udf10] => 
    [hash] => 21ee4e4146eb241772f7454a7768b3d13bd2706982e4a2c90a89deca5b3ecb120ad85edd74c3f835c74887b35e1dc9cb3994aeb3d9a0afa6d161e614b6d2c6bd
    [field1] => 53214525744
    [field2] => 999999
    [field3] => 5122699001853210
    [field4] => 5122699001853210
    [field5] => 
    [field6] => 
    [field7] => 
    [field8] => 
    [field9] => SUCCESS
    [payment_source] => payu
    [PG_TYPE] => HDFCPG
    [bank_ref_num] => 5122699001853210
    [bankcode] => CC
    [error] => E000
    [error_Message] => No Error
    [name_on_card] => ttt
    [cardnum] => 411111XXXXXX1111
    [cardhash] => This field is no longer supported in postback params.
    [issuing_bank] => UNKNOWN
    [card_type] => VISA
)

2015-11-17 07:37:35 : payubiz Data: Array
(
    [mihpayid] => 403993715513784026
    [mode] => CC
    [status] => success
    [unmappedstatus] => captured
    [key] => gtKFFx
    [txnid] => 17923
    [amount] => 107.00
    [cardCategory] => domestic
    [discount] => 0.00
    [net_amount_debit] => 107
    [addedon] => 2015-11-17 18:06:57
    [productinfo] => PayU purchase  Cart Item ID  17923
    [firstname] => Anjali
    [lastname] => sharma
    [address1] => 
    [address2] => 
    [city] => 
    [state] => 
    [country] => 
    [zipcode] => 00000
    [email] => demo@demo.com
    [phone] => 889898
    [udf1] => 
    [udf2] => 
    [udf3] => 
    [udf4] => 
    [udf5] => 
    [udf6] => 
    [udf7] => 
    [udf8] => 
    [udf9] => 
    [udf10] => 
    [hash] => 17d9afa9e498ab97076bf235fbf50025fd128c921188b17168fa69f449c5cac1a4557fe4af4aea6788b8128ad9bb38a6978cb3192ce29b2186c9924bfed5f528
    [field1] => 532111575033
    [field2] => 999999
    [field3] => 9459672071853210
    [field4] => 9459672071853210
    [field5] => 
    [field6] => 
    [field7] => 
    [field8] => 
    [field9] => SUCCESS
    [payment_source] => payu
    [PG_TYPE] => HDFCPG
    [bank_ref_num] => 9459672071853210
    [bankcode] => CC
    [error] => E000
    [error_Message] => No Error
    [name_on_card] => 888
    [cardnum] => 411111XXXXXX1111
    [cardhash] => This field is no longer supported in postback params.
    [issuing_bank] => UNKNOWN
    [card_type] => VISA
)

2015-11-17 07:42:43 : payubiz Data: Array
(
    [mihpayid] => 403993715513784055
    [mode] => CC
    [status] => success
    [unmappedstatus] => captured
    [key] => gtKFFx
    [txnid] => 17924
    [amount] => 107.00
    [cardCategory] => domestic
    [discount] => 0.00
    [net_amount_debit] => 107
    [addedon] => 2015-11-17 18:12:10
    [productinfo] => PayU purchase  Cart Item ID  17924
    [firstname] => Anjali
    [lastname] => sharma
    [address1] => 
    [address2] => 
    [city] => 
    [state] => 
    [country] => 
    [zipcode] => 00000
    [email] => demo@demo.com
    [phone] => 889898
    [udf1] => 
    [udf2] => 
    [udf3] => 
    [udf4] => 
    [udf5] => 
    [udf6] => 
    [udf7] => 
    [udf8] => 
    [udf9] => 
    [udf10] => 
    [hash] => 5e4f75b186dc24f291a92cb88331d191eb5b6edd3304c580a1c846c8f46dbcfd65ba9c5783f5a6e42a4313a9049d878e28a54f9d17b6394a5d7dae43bbc4a9e5
    [field1] => 532174596224
    [field2] => 999999
    [field3] => 1073524121853210
    [field4] => 1073524121853210
    [field5] => 
    [field6] => 
    [field7] => 
    [field8] => 
    [field9] => SUCCESS
    [payment_source] => payu
    [PG_TYPE] => HDFCPG
    [bank_ref_num] => 1073524121853210
    [bankcode] => CC
    [error] => E000
    [error_Message] => No Error
    [name_on_card] => 888
    [cardnum] => 411111XXXXXX1111
    [cardhash] => This field is no longer supported in postback params.
    [issuing_bank] => UNKNOWN
    [card_type] => VISA
)

2015-11-17 08:00:09 : payubiz Data: Array
(
    [mihpayid] => 403993715513784159
    [mode] => CC
    [status] => success
    [unmappedstatus] => captured
    [key] => gtKFFx
    [txnid] => 17925
    [amount] => 107.00
    [cardCategory] => domestic
    [discount] => 0.00
    [net_amount_debit] => 107
    [addedon] => 2015-11-17 18:29:35
    [productinfo] => PayU purchase  Cart Item ID  17925
    [firstname] => Anjali
    [lastname] => sharma
    [address1] => 
    [address2] => 
    [city] => 
    [state] => 
    [country] => 
    [zipcode] => 00000
    [email] => demo@demo.com
    [phone] => 889898
    [udf1] => 
    [udf2] => 
    [udf3] => 
    [udf4] => 
    [udf5] => 
    [udf6] => 
    [udf7] => 
    [udf8] => 
    [udf9] => 
    [udf10] => 
    [hash] => fcf1034ae7b9f07970f9a8a3a6aeca631a57862d6e085b588d5b89fb5881debfeff103e55bb7ee1186790fa618470f4606c16f478d7162c3b6d75cc74c8d2df6
    [field1] => 532173287756
    [field2] => 999999
    [field3] => 80933291853210
    [field4] => 80933291853210
    [field5] => 
    [field6] => 
    [field7] => 
    [field8] => 
    [field9] => SUCCESS
    [payment_source] => payu
    [PG_TYPE] => HDFCPG
    [bank_ref_num] => 80933291853210
    [bankcode] => CC
    [error] => E000
    [error_Message] => No Error
    [name_on_card] => yyy
    [cardnum] => 411111XXXXXX1111
    [cardhash] => This field is no longer supported in postback params.
    [issuing_bank] => UNKNOWN
    [card_type] => VISA
)

2015-11-17 08:19:17 : payubiz Data: Array
(
    [mihpayid] => 403993715513784240
    [mode] => CC
    [status] => success
    [unmappedstatus] => captured
    [key] => gtKFFx
    [txnid] => 17926
    [amount] => 107.00
    [cardCategory] => domestic
    [discount] => 0.00
    [net_amount_debit] => 107
    [addedon] => 2015-11-17 18:47:50
    [productinfo] => PayU purchase  Cart Item ID  17926
    [firstname] => Anjali
    [lastname] => sharma
    [address1] => 
    [address2] => 
    [city] => 
    [state] => 
    [country] => 
    [zipcode] => 00000
    [email] => demo@demo.com
    [phone] => 889898
    [udf1] => 
    [udf2] => 
    [udf3] => 
    [udf4] => 
    [udf5] => 
    [udf6] => 
    [udf7] => 
    [udf8] => 
    [udf9] => 
    [udf10] => 
    [hash] => 62c546f0bc763df1e53fcfa39188624a65e03930fff5d089edc863bd148ceee449ac9242732e18c25fc3f744502f72cfc7d402ea92a9ba9e4a8f67b0203b1203
    [field1] => 532148780336
    [field2] => 999999
    [field3] => 5049730481853210
    [field4] => 5049730481853210
    [field5] => 
    [field6] => 
    [field7] => 
    [field8] => 
    [field9] => SUCCESS
    [payment_source] => payu
    [PG_TYPE] => HDFCPG
    [bank_ref_num] => 5049730481853210
    [bankcode] => CC
    [error] => E000
    [error_Message] => No Error
    [name_on_card] => gggg
    [cardnum] => 411111XXXXXX1111
    [cardhash] => This field is no longer supported in postback params.
    [issuing_bank] => UNKNOWN
    [card_type] => VISA
)

2015-11-17 08:27:35 : payubiz Data: Array
(
    [mihpayid] => 403993715513784301
    [mode] => CC
    [status] => success
    [unmappedstatus] => captured
    [key] => gtKFFx
    [txnid] => 17927
    [amount] => 107.00
    [cardCategory] => domestic
    [discount] => 0.00
    [net_amount_debit] => 107
    [addedon] => 2015-11-17 18:56:42
    [productinfo] => PayU purchase  Cart Item ID  17927
    [firstname] => Anjali
    [lastname] => sharma
    [address1] => 
    [address2] => 
    [city] => 
    [state] => 
    [country] => 
    [zipcode] => 00000
    [email] => demo@demo.com
    [phone] => 889898
    [udf1] => 
    [udf2] => 
    [udf3] => 
    [udf4] => 
    [udf5] => 
    [udf6] => 
    [udf7] => 
    [udf8] => 
    [udf9] => 
    [udf10] => 
    [hash] => bb5ca693c667d8bfd017d69029b52c5bcafe59beb6d0d31e9c2419c540fba3f941c933f6e6103840a05c322293cd9c3be9e14860f66beaa16c4cc38836416ea9
    [field1] => 532126348323
    [field2] => 999999
    [field3] => 2669630561853210
    [field4] => 2669630561853210
    [field5] => 
    [field6] => 
    [field7] => 
    [field8] => 
    [field9] => SUCCESS
    [payment_source] => payu
    [PG_TYPE] => HDFCPG
    [bank_ref_num] => 2669630561853210
    [bankcode] => CC
    [error] => E000
    [error_Message] => No Error
    [name_on_card] => 444
    [cardnum] => 411111XXXXXX1111
    [cardhash] => This field is no longer supported in postback params.
    [issuing_bank] => UNKNOWN
    [card_type] => VISA
)

2015-11-18 01:30:03 : payubiz Data: Array
(
    [mihpayid] => 403993715513785666
    [mode] => CC
    [status] => success
    [unmappedstatus] => captured
    [key] => gtKFFx
    [txnid] => 50099
    [amount] => 55.00
    [cardCategory] => domestic
    [discount] => 0.00
    [net_amount_debit] => 55
    [addedon] => 2015-11-18 11:58:07
    [productinfo] => PayU purchase  Cart Item ID  50099
    [firstname] => Anjali
    [lastname] => sharma
    [address1] => 
    [address2] => 
    [city] => 
    [state] => 
    [country] => 
    [zipcode] => 00000
    [email] => demo@demo.com
    [phone] => 889898
    [udf1] => 
    [udf2] => 
    [udf3] => 
    [udf4] => 
    [udf5] => 
    [udf6] => 
    [udf7] => 
    [udf8] => 
    [udf9] => 
    [udf10] => 
    [hash] => 1e20d0e048f081ffe0ad17aaa7aba8812890d6949ddd24bd1a56d7d179a60d94161a039a66409915b08a5b13be7126d0c753e832b41e0b575fb371fadf0d008c
    [field1] => 532251723099
    [field2] => 999999
    [field3] => 2144854581153220
    [field4] => 2144854581153220
    [field5] => 
    [field6] => 
    [field7] => 
    [field8] => 
    [field9] => SUCCESS
    [payment_source] => payu
    [PG_TYPE] => HDFCPG
    [bank_ref_num] => 2144854581153220
    [bankcode] => CC
    [error] => E000
    [error_Message] => No Error
    [name_on_card] => iiuiui
    [cardnum] => 411111XXXXXX1111
    [cardhash] => This field is no longer supported in postback params.
    [issuing_bank] => UNKNOWN
    [card_type] => VISA
)

2015-11-18 15:20:06 : payubiz Data: Array
(
    [mihpayid] => 403993715513786936
    [mode] => CC
    [status] => success
    [unmappedstatus] => captured
    [key] => gtKFFx
    [txnid] => 60006
    [amount] => 18.57
    [cardCategory] => domestic
    [discount] => 0.00
    [net_amount_debit] => 18.57
    [addedon] => 2015-11-18 15:18:58
    [productinfo] => Ayush purchase  Cart Item ID  60006
    [firstname] => Suresh
    [lastname] => kumar
    [address1] => 
    [address2] => 
    [city] => 
    [state] => 
    [country] => 
    [zipcode] => 122001
    [email] => demo@demo.com
    [phone] => 78787878787
    [udf1] => 
    [udf2] => 
    [udf3] => 
    [udf4] => 
    [udf5] => 
    [udf6] => 
    [udf7] => 
    [udf8] => 
    [udf9] => 
    [udf10] => 
    [hash] => a1594e719620795ef1751d699d3368e3de1c853b83620c4c294d43726482dec3ffa3008756a1a4264ca1a3bd147abb25e921aff4199bdbcb01fc80f18787018d
    [field1] => 53223878366
    [field2] => 999999
    [field3] => 8056694191553220
    [field4] => 8056694191553220
    [field5] => 
    [field6] => 
    [field7] => 
    [field8] => 
    [field9] => SUCCESS
    [payment_source] => payu
    [PG_TYPE] => HDFCPG
    [bank_ref_num] => 8056694191553220
    [bankcode] => CC
    [error] => E000
    [error_Message] => No Error
    [name_on_card] => uu
    [cardnum] => 411111XXXXXX1111
    [cardhash] => This field is no longer supported in postback params.
    [issuing_bank] => UNKNOWN
    [card_type] => VISA
)

2015-11-18 15:29:09 : payubiz Data: Array
(
    [mihpayid] => 403993715513787010
    [mode] => CC
    [status] => success
    [unmappedstatus] => captured
    [key] => gtKFFx
    [txnid] => 60007
    [amount] => 18.57
    [cardCategory] => domestic
    [discount] => 0.00
    [net_amount_debit] => 18.57
    [addedon] => 2015-11-18 15:28:15
    [productinfo] => Ayush purchase  Cart Item ID  60007
    [firstname] => Suresh
    [lastname] => kumar
    [address1] => 
    [address2] => 
    [city] => 
    [state] => 
    [country] => 
    [zipcode] => 122001
    [email] => demo@demo.com
    [phone] => 78787878787
    [udf1] => 
    [udf2] => 
    [udf3] => 
    [udf4] => 
    [udf5] => 
    [udf6] => 
    [udf7] => 
    [udf8] => 
    [udf9] => 
    [udf10] => 
    [hash] => 884b01e09812eec16b99805e26a44175cfa8cf7de9593d2039393cdad86cd3c524f6d6615faae428f331b7b1603cee00a3ced81e9a2e174718a1207c18ea9a7f
    [field1] => 532239290538
    [field2] => 999999
    [field3] => 8380599281553220
    [field4] => 8380599281553220
    [field5] => 
    [field6] => 
    [field7] => 
    [field8] => 
    [field9] => SUCCESS
    [payment_source] => payu
    [PG_TYPE] => HDFCPG
    [bank_ref_num] => 8380599281553220
    [bankcode] => CC
    [error] => E000
    [error_Message] => No Error
    [name_on_card] => yy
    [cardnum] => 411111XXXXXX1111
    [cardhash] => This field is no longer supported in postback params.
    [issuing_bank] => UNKNOWN
    [card_type] => VISA
)

2015-11-18 15:40:52 : payubiz Data: Array
(
    [mihpayid] => 403993715513787112
    [mode] => CC
    [status] => success
    [unmappedstatus] => captured
    [key] => gtKFFx
    [txnid] => 40009
    [amount] => 18.57
    [cardCategory] => domestic
    [discount] => 0.00
    [net_amount_debit] => 18.57
    [addedon] => 2015-11-18 15:39:54
    [productinfo] => Ayush purchase  Cart Item ID  40009
    [firstname] => Suresh
    [lastname] => kumar
    [address1] => 
    [address2] => 
    [city] => 
    [state] => 
    [country] => 
    [zipcode] => 122001
    [email] => demo@demo.com
    [phone] => 78787878787
    [udf1] => 
    [udf2] => 
    [udf3] => 
    [udf4] => 
    [udf5] => 
    [udf6] => 
    [udf7] => 
    [udf8] => 
    [udf9] => 
    [udf10] => 
    [hash] => f95dd31c76bccfff1c291e104d691a2db74878630078e9d5d8b68c3cc5be73efe123f6731c42e356e0b087bf40723914d08c9a7dde951c173a45e30ef29d89f9
    [field1] => 532218245901
    [field2] => 999999
    [field3] => 9803634401553220
    [field4] => 9803634401553220
    [field5] => 
    [field6] => 
    [field7] => 
    [field8] => 
    [field9] => SUCCESS
    [payment_source] => payu
    [PG_TYPE] => HDFCPG
    [bank_ref_num] => 9803634401553220
    [bankcode] => CC
    [error] => E000
    [error_Message] => No Error
    [name_on_card] => uuu
    [cardnum] => 411111XXXXXX1111
    [cardhash] => This field is no longer supported in postback params.
    [issuing_bank] => UNKNOWN
    [card_type] => VISA
)

2015-11-18 15:47:46 : payubiz Data: Array
(
    [mihpayid] => 403993715513787187
    [mode] => CC
    [status] => success
    [unmappedstatus] => captured
    [key] => gtKFFx
    [txnid] => 40011
    [amount] => 18.57
    [cardCategory] => domestic
    [discount] => 0.00
    [net_amount_debit] => 18.57
    [addedon] => 2015-11-18 15:46:49
    [productinfo] => Ayush purchase  Cart Item ID  40011
    [firstname] => Suresh
    [lastname] => kumar
    [address1] => 
    [address2] => 
    [city] => 
    [state] => 
    [country] => 
    [zipcode] => 122001
    [email] => demo@demo.com
    [phone] => 78787878787
    [udf1] => 
    [udf2] => 
    [udf3] => 
    [udf4] => 
    [udf5] => 
    [udf6] => 
    [udf7] => 
    [udf8] => 
    [udf9] => 
    [udf10] => 
    [hash] => 93f4c903302a4156d630f0202f379562cbb850ba1f0c4de7ebafd75799937e4adeabd89951215119024a7feb8c1bd8ced3b4ae1ce060fb80e40fb121f4e7d26e
    [field1] => 532261914557
    [field2] => 999999
    [field3] => 3290167471553220
    [field4] => 3290167471553220
    [field5] => 
    [field6] => 
    [field7] => 
    [field8] => 
    [field9] => SUCCESS
    [payment_source] => payu
    [PG_TYPE] => HDFCPG
    [bank_ref_num] => 3290167471553220
    [bankcode] => CC
    [error] => E000
    [error_Message] => No Error
    [name_on_card] => yyy
    [cardnum] => 411111XXXXXX1111
    [cardhash] => This field is no longer supported in postback params.
    [issuing_bank] => UNKNOWN
    [card_type] => VISA
)

